<?xml version="1.0" encoding="UTF-8"?>
<testng-results ignored="0" total="2" passed="2" failed="0" skipped="0">
  <reporter-output>
  </reporter-output>
  <suite started-at="2023-08-30T07:54:28 IST" name="musuite" finished-at="2023-08-30T07:54:46 IST" duration-ms="17651">
    <groups>
      <group name="regression">
        <method signature="TC_001_AccountRegistrationTest.test_accountRegistration()[pri:0, instance:testCases.TC_001_AccountRegistrationTest@7b9a4292]" name="test_accountRegistration" class="testCases.TC_001_AccountRegistrationTest"/>
      </group> <!-- regression -->
      <group name="sanity">
        <method signature="TC_002_LoginTest.test_Login()[pri:0, instance:testCases.TC_002_LoginTest@59309333]" name="test_Login" class="testCases.TC_002_LoginTest"/>
      </group> <!-- sanity -->
      <group name="master">
        <method signature="TC_001_AccountRegistrationTest.test_accountRegistration()[pri:0, instance:testCases.TC_001_AccountRegistrationTest@7b9a4292]" name="test_accountRegistration" class="testCases.TC_001_AccountRegistrationTest"/>
        <method signature="TC_002_LoginTest.test_Login()[pri:0, instance:testCases.TC_002_LoginTest@59309333]" name="test_Login" class="testCases.TC_002_LoginTest"/>
      </group> <!-- master -->
    </groups>
    <test started-at="2023-08-30T07:54:28 IST" name="mytest" finished-at="2023-08-30T07:54:46 IST" duration-ms="17651">
      <class name="testCases.TC_001_AccountRegistrationTest">
        <test-method is-config="true" signature="setup(java.lang.String)[pri:0, instance:testCases.TC_001_AccountRegistrationTest@7b9a4292]" started-at="2023-08-30T07:54:28 IST" name="setup" finished-at="2023-08-30T07:54:35 IST" duration-ms="6436" status="PASS">
          <params>
            <param index="0">
              <value>
                <![CDATA[chrome]]>
              </value>
            </param>
          </params>
          <reporter-output>
          </reporter-output>
        </test-method> <!-- setup -->
        <test-method signature="test_accountRegistration()[pri:0, instance:testCases.TC_001_AccountRegistrationTest@7b9a4292]" started-at="2023-08-30T07:54:35 IST" name="test_accountRegistration" finished-at="2023-08-30T07:54:38 IST" duration-ms="3145" status="PASS">
          <reporter-output>
          </reporter-output>
        </test-method> <!-- test_accountRegistration -->
        <test-method is-config="true" signature="tearDown()[pri:0, instance:testCases.TC_001_AccountRegistrationTest@7b9a4292]" started-at="2023-08-30T07:54:38 IST" name="tearDown" finished-at="2023-08-30T07:54:38 IST" duration-ms="211" status="PASS">
          <reporter-output>
          </reporter-output>
        </test-method> <!-- tearDown -->
      </class> <!-- testCases.TC_001_AccountRegistrationTest -->
      <class name="testCases.TC_002_LoginTest">
        <test-method is-config="true" signature="setup(java.lang.String)[pri:0, instance:testCases.TC_002_LoginTest@59309333]" started-at="2023-08-30T07:54:38 IST" name="setup" finished-at="2023-08-30T07:54:43 IST" duration-ms="4961" status="PASS">
          <params>
            <param index="0">
              <value>
                <![CDATA[chrome]]>
              </value>
            </param>
          </params>
          <reporter-output>
          </reporter-output>
        </test-method> <!-- setup -->
        <test-method signature="test_Login()[pri:0, instance:testCases.TC_002_LoginTest@59309333]" started-at="2023-08-30T07:54:43 IST" name="test_Login" finished-at="2023-08-30T07:54:46 IST" duration-ms="2206" status="PASS">
          <reporter-output>
          </reporter-output>
        </test-method> <!-- test_Login -->
        <test-method is-config="true" signature="tearDown()[pri:0, instance:testCases.TC_002_LoginTest@59309333]" started-at="2023-08-30T07:54:46 IST" name="tearDown" finished-at="2023-08-30T07:54:46 IST" duration-ms="143" status="PASS">
          <reporter-output>
          </reporter-output>
        </test-method> <!-- tearDown -->
      </class> <!-- testCases.TC_002_LoginTest -->
    </test> <!-- mytest -->
  </suite> <!-- musuite -->
</testng-results>
